# JRE version: Java(TM) SE Runtime Environment (8.0_101-b13) (build 1.8.0_101-b13)
# Java VM: Java HotSpot(TM) 64-Bit Server VM (25.101-b13 mixed mode windows-amd64 compressed oops)
Heap:
 PSYoungGen      total 328192K, used 166309K [0x0000000743300000, 0x0000000759880000, 0x00000007c0000000)
  eden space 313344K, 53% used [0x0000000743300000,0x000000074d569470,0x0000000756500000)
  from space 14848K, 0% used [0x0000000757680000,0x0000000757680000,0x0000000758500000)
  to   space 17920K, 0% used [0x0000000756500000,0x0000000756500000,0x0000000757680000)
 ParOldGen       total 171008K, used 21448K [0x0000000649800000, 0x0000000653f00000, 0x0000000743300000)
  object space 171008K, 12% used [0x0000000649800000,0x000000064acf23d8,0x0000000653f00000)
 Metaspace       used 41920K, capacity 43968K, committed 44288K, reserved 1087488K
  class space    used 5641K, capacity 6066K, committed 6144K, reserved 1048576K
GC Heap History (10 events):
Event: 10.593 GC heap before
{Heap before GC invocations=4 (full 1):
 PSYoungGen      total 112128K, used 6612K [0x0000000743300000, 0x0000000750e00000, 0x00000007c0000000)
  eden space 96256K, 0% used [0x0000000743300000,0x0000000743300000,0x0000000749100000)
  from space 15872K, 41% used [0x0000000749100000,0x0000000749775388,0x000000074a080000)
  to   space 15872K, 0% used [0x000000074fe80000,0x000000074fe80000,0x0000000750e00000)
 ParOldGen       total 257024K, used 32K [0x0000000649800000, 0x0000000659300000, 0x0000000743300000)
  object space 257024K, 0% used [0x0000000649800000,0x0000000649808000,0x0000000659300000)
 Metaspace       used 20540K, capacity 21222K, committed 21296K, reserved 1067008K
  class space    used 2733K, capacity 2922K, committed 2944K, reserved 1048576K
Event: 10.626 GC heap after
Heap after GC invocations=4 (full 1):
 PSYoungGen      total 112128K, used 0K [0x0000000743300000, 0x0000000750e00000, 0x00000007c0000000)
  eden space 96256K, 0% used [0x0000000743300000,0x0000000743300000,0x0000000749100000)
  from space 15872K, 0% used [0x0000000749100000,0x0000000749100000,0x000000074a080000)
  to   space 15872K, 0% used [0x000000074fe80000,0x000000074fe80000,0x0000000750e00000)
 ParOldGen       total 117248K, used 6425K [0x0000000649800000, 0x0000000650a80000, 0x0000000743300000)
  object space 117248K, 5% used [0x0000000649800000,0x0000000649e46510,0x0000000650a80000)
 Metaspace       used 20538K, capacity 21216K, committed 21296K, reserved 1067008K
  class space    used 2732K, capacity 2921K, committed 2944K, reserved 1048576K
}
Event: 16.501 GC heap before
{Heap before GC invocations=5 (full 1):
 PSYoungGen      total 112128K, used 96256K [0x0000000743300000, 0x0000000750e00000, 0x00000007c0000000)
  eden space 96256K, 100% used [0x0000000743300000,0x0000000749100000,0x0000000749100000)
  from space 15872K, 0% used [0x0000000749100000,0x0000000749100000,0x000000074a080000)
  to   space 15872K, 0% used [0x000000074fe80000,0x000000074fe80000,0x0000000750e00000)
 ParOldGen       total 117248K, used 6425K [0x0000000649800000, 0x0000000650a80000, 0x0000000743300000)
  object space 117248K, 5% used [0x0000000649800000,0x0000000649e46510,0x0000000650a80000)
 Metaspace       used 22606K, capacity 23602K, committed 23808K, reserved 1069056K
  class space    used 3070K, capacity 3306K, committed 3328K, reserved 1048576K
Event: 16.507 GC heap after
Heap after GC invocations=5 (full 1):
 PSYoungGen      total 182272K, used 6716K [0x0000000743300000, 0x0000000750580000, 0x00000007c0000000)
  eden space 175104K, 0% used [0x0000000743300000,0x0000000743300000,0x000000074de00000)
  from space 7168K, 93% used [0x000000074fe80000,0x000000075050f238,0x0000000750580000)
  to   space 15872K, 0% used [0x000000074e680000,0x000000074e680000,0x000000074f600000)
 ParOldGen       total 117248K, used 6433K [0x0000000649800000, 0x0000000650a80000, 0x0000000743300000)
  object space 117248K, 5% used [0x0000000649800000,0x0000000649e48510,0x0000000650a80000)
 Metaspace       used 22606K, capacity 23602K, committed 23808K, reserved 1069056K
  class space    used 3070K, capacity 3306K, committed 3328K, reserved 1048576K
}
Event: 17.547 GC heap before
{Heap before GC invocations=6 (full 1):
 PSYoungGen      total 182272K, used 181820K [0x0000000743300000, 0x0000000750580000, 0x00000007c0000000)
  eden space 175104K, 100% used [0x0000000743300000,0x000000074de00000,0x000000074de00000)
  from space 7168K, 93% used [0x000000074fe80000,0x000000075050f238,0x0000000750580000)
  to   space 15872K, 0% used [0x000000074e680000,0x000000074e680000,0x000000074f600000)
 ParOldGen       total 117248K, used 6433K [0x0000000649800000, 0x0000000650a80000, 0x0000000743300000)
  object space 117248K, 5% used [0x0000000649800000,0x0000000649e48510,0x0000000650a80000)
 Metaspace       used 27051K, capacity 28402K, committed 28672K, reserved 1073152K
  class space    used 3714K, capacity 4035K, committed 4096K, reserved 1048576K
Event: 17.559 GC heap after
Heap after GC invocations=6 (full 1):
 PSYoungGen      total 199680K, used 11953K [0x0000000743300000, 0x0000000758500000, 0x00000007c0000000)
  eden space 183808K, 0% used [0x0000000743300000,0x0000000743300000,0x000000074e680000)
  from space 15872K, 75% used [0x000000074e680000,0x000000074f22c7c8,0x000000074f600000)
  to   space 14848K, 0% used [0x0000000757680000,0x0000000757680000,0x0000000758500000)
 ParOldGen       total 117248K, used 6441K [0x0000000649800000, 0x0000000650a80000, 0x0000000743300000)
  object space 117248K, 5% used [0x0000000649800000,0x0000000649e4a510,0x0000000650a80000)
 Metaspace       used 27051K, capacity 28402K, committed 28672K, reserved 1073152K
  class space    used 3714K, capacity 4035K, committed 4096K, reserved 1048576K
}
Event: 18.864 GC heap before
{Heap before GC invocations=7 (full 1):
 PSYoungGen      total 199680K, used 176079K [0x0000000743300000, 0x0000000758500000, 0x00000007c0000000)
  eden space 183808K, 89% used [0x0000000743300000,0x000000074d347478,0x000000074e680000)
  from space 15872K, 75% used [0x000000074e680000,0x000000074f22c7c8,0x000000074f600000)
  to   space 14848K, 0% used [0x0000000757680000,0x0000000757680000,0x0000000758500000)
 ParOldGen       total 117248K, used 6441K [0x0000000649800000, 0x0000000650a80000, 0x0000000743300000)
  object space 117248K, 5% used [0x0000000649800000,0x0000000649e4a510,0x0000000650a80000)
 Metaspace       used 33420K, capacity 35292K, committed 35496K, reserved 1079296K
  class space    used 4496K, capacity 4856K, committed 4864K, reserved 1048576K
Event: 18.876 GC heap after
Heap after GC invocations=7 (full 1):
 PSYoungGen      total 328192K, used 14837K [0x0000000743300000, 0x0000000759880000, 0x00000007c0000000)
  eden space 313344K, 0% used [0x0000000743300000,0x0000000743300000,0x0000000756500000)
  from space 14848K, 99% used [0x0000000757680000,0x00000007584fd4d8,0x0000000758500000)
  to   space 17920K, 0% used [0x0000000756500000,0x0000000756500000,0x0000000757680000)
 ParOldGen       total 117248K, used 8295K [0x0000000649800000, 0x0000000650a80000, 0x0000000743300000)
  object space 117248K, 7% used [0x0000000649800000,0x000000064a019d60,0x0000000650a80000)
 Metaspace       used 33420K, capacity 35292K, committed 35496K, reserved 1079296K
  class space    used 4496K, capacity 4856K, committed 4864K, reserved 1048576K
}
Event: 18.876 GC heap before
{Heap before GC invocations=8 (full 2):
 PSYoungGen      total 328192K, used 14837K [0x0000000743300000, 0x0000000759880000, 0x00000007c0000000)
  eden space 313344K, 0% used [0x0000000743300000,0x0000000743300000,0x0000000756500000)
  from space 14848K, 99% used [0x0000000757680000,0x00000007584fd4d8,0x0000000758500000)
  to   space 17920K, 0% used [0x0000000756500000,0x0000000756500000,0x0000000757680000)
 ParOldGen       total 117248K, used 8295K [0x0000000649800000, 0x0000000650a80000, 0x0000000743300000)
  object space 117248K, 7% used [0x0000000649800000,0x000000064a019d60,0x0000000650a80000)
 Metaspace       used 33420K, capacity 35292K, committed 35496K, reserved 1079296K
  class space    used 4496K, capacity 4856K, committed 4864K, reserved 1048576K
Event: 18.952 GC heap after
Heap after GC invocations=8 (full 2):
 PSYoungGen      total 328192K, used 0K [0x0000000743300000, 0x0000000759880000, 0x00000007c0000000)
  eden space 313344K, 0% used [0x0000000743300000,0x0000000743300000,0x0000000756500000)
  from space 14848K, 0% used [0x0000000757680000,0x0000000757680000,0x0000000758500000)
  to   space 17920K, 0% used [0x0000000756500000,0x0000000756500000,0x0000000757680000)
 ParOldGen       total 171008K, used 21448K [0x0000000649800000, 0x0000000653f00000, 0x0000000743300000)
  object space 171008K, 12% used [0x0000000649800000,0x000000064acf23d8,0x0000000653f00000)
 Metaspace       used 33420K, capacity 35292K, committed 35496K, reserved 1079296K
  class space    used 4496K, capacity 4856K, committed 4864K, reserved 1048576K
}

